
*****************************************
Setting OMP_NUM_THREADS environment variable for each process to be 1 in default, to avoid your system being overloaded, please further tune the variable for optimal performance in your application as needed. 
*****************************************
logs/long_context_seq2048_v2_seed1338.txt
val_bpb:enabled tokenizer_kind=sentencepiece tokenizer_path=/home/shadeform/parameter-golf/data/tokenizers/fineweb_1024_bpe.model
train_loader:dataset:fineweb10B_sp1024 train_shards:80
val_loader:shards pattern=/home/shadeform/parameter-golf/data/datasets/fineweb10B_sp1024/fineweb_val_*.bin tokens:62021632
model_params:17059912
world_size:8 grad_accum_steps:1
sdp_backends:cudnn=False flash=True mem_efficient=False math=False
attention_mode:gqa num_heads:8 num_kv_heads:4
tie_embeddings:True embed_lr:0.04 head_lr:0.0 matrix_lr:0.032 scalar_lr:0.032
train_batch_tokens:524288 train_seq_len:2048 iterations:20000 warmup_steps:20 max_wallclock_seconds:600.000
seed:1338
warmup_step:1/20
warmup_step:2/20
warmup_step:3/20
warmup_step:4/20
warmup_step:5/20
warmup_step:6/20
warmup_step:7/20
warmup_step:8/20
warmup_step:9/20
warmup_step:10/20
warmup_step:11/20
warmup_step:12/20
warmup_step:13/20
warmup_step:14/20
warmup_step:15/20
warmup_step:16/20
warmup_step:17/20
warmup_step:18/20
warmup_step:19/20
warmup_step:20/20
step:0/20000 val_loss:6.9373 val_bpb:4.1086 train_time:0ms step_avg:0.02ms
step:1/20000 train_loss:6.9363 train_time:38ms step_avg:38.34ms
step:2/20000 train_loss:14.7807 train_time:109ms step_avg:54.41ms
step:3/20000 train_loss:8.1314 train_time:186ms step_avg:61.93ms
step:4/20000 train_loss:6.6468 train_time:264ms step_avg:65.91ms
step:5/20000 train_loss:6.9435 train_time:341ms step_avg:68.21ms
step:6/20000 train_loss:7.8076 train_time:419ms step_avg:69.85ms
step:7/20000 train_loss:6.8505 train_time:497ms step_avg:70.96ms
step:8/20000 train_loss:6.4818 train_time:575ms step_avg:71.84ms
step:9/20000 train_loss:6.2053 train_time:653ms step_avg:72.60ms
step:10/20000 train_loss:6.0541 train_time:731ms step_avg:73.08ms
step:200/20000 train_loss:2.7822 train_time:15898ms step_avg:79.49ms
step:400/20000 train_loss:2.2920 train_time:31930ms step_avg:79.82ms
step:600/20000 train_loss:2.5071 train_time:47963ms step_avg:79.94ms
step:800/20000 train_loss:2.2514 train_time:63996ms step_avg:79.99ms
step:1000/20000 train_loss:2.3343 train_time:80041ms step_avg:80.04ms
step:1000/20000 val_loss:2.2915 val_bpb:1.3571 train_time:80092ms step_avg:80.09ms
step:1200/20000 train_loss:2.3605 train_time:96098ms step_avg:80.08ms
step:1400/20000 train_loss:2.3851 train_time:112137ms step_avg:80.10ms
step:1600/20000 train_loss:2.0466 train_time:128178ms step_avg:80.11ms
step:1800/20000 train_loss:2.1609 train_time:144238ms step_avg:80.13ms
step:2000/20000 train_loss:2.2146 train_time:160308ms step_avg:80.15ms
step:2000/20000 val_loss:2.1942 val_bpb:1.2995 train_time:160359ms step_avg:80.18ms
step:2200/20000 train_loss:2.0312 train_time:176389ms step_avg:80.18ms
step:2400/20000 train_loss:2.1602 train_time:192482ms step_avg:80.20ms
step:2600/20000 train_loss:2.3838 train_time:208570ms step_avg:80.22ms
step:2800/20000 train_loss:2.1974 train_time:224662ms step_avg:80.24ms
step:3000/20000 train_loss:2.1923 train_time:240747ms step_avg:80.25ms
step:3000/20000 val_loss:2.1547 val_bpb:1.2762 train_time:240798ms step_avg:80.27ms
step:3200/20000 train_loss:2.1498 train_time:256845ms step_avg:80.26ms
step:3400/20000 train_loss:2.1187 train_time:272963ms step_avg:80.28ms
step:3600/20000 train_loss:2.0687 train_time:289083ms step_avg:80.30ms
step:3800/20000 train_loss:2.1705 train_time:305184ms step_avg:80.31ms
step:4000/20000 train_loss:2.1340 train_time:321304ms step_avg:80.33ms
step:4000/20000 val_loss:2.1296 val_bpb:1.2613 train_time:321355ms step_avg:80.34ms
step:4200/20000 train_loss:2.1303 train_time:337459ms step_avg:80.35ms
step:4400/20000 train_loss:2.0720 train_time:353591ms step_avg:80.36ms
step:4600/20000 train_loss:1.9401 train_time:369700ms step_avg:80.37ms
step:4800/20000 train_loss:2.2216 train_time:385829ms step_avg:80.38ms
step:5000/20000 train_loss:1.9762 train_time:401953ms step_avg:80.39ms
step:5000/20000 val_loss:2.1136 val_bpb:1.2518 train_time:402004ms step_avg:80.40ms
step:5200/20000 train_loss:2.1352 train_time:418083ms step_avg:80.40ms
step:5400/20000 train_loss:2.1531 train_time:434209ms step_avg:80.41ms
step:5600/20000 train_loss:2.1420 train_time:450338ms step_avg:80.42ms
step:5800/20000 train_loss:2.0937 train_time:466471ms step_avg:80.43ms
step:6000/20000 train_loss:2.1789 train_time:482610ms step_avg:80.44ms
step:6000/20000 val_loss:2.1040 val_bpb:1.2461 train_time:482661ms step_avg:80.44ms
step:6200/20000 train_loss:2.0492 train_time:498756ms step_avg:80.44ms
step:6400/20000 train_loss:2.1234 train_time:514897ms step_avg:80.45ms
step:6600/20000 train_loss:2.0741 train_time:531036ms step_avg:80.46ms
step:6800/20000 train_loss:2.1268 train_time:547174ms step_avg:80.47ms
step:7000/20000 train_loss:2.1684 train_time:563307ms step_avg:80.47ms
step:7000/20000 val_loss:2.0656 val_bpb:1.2233 train_time:563358ms step_avg:80.48ms
step:7200/20000 train_loss:2.1238 train_time:579446ms step_avg:80.48ms
step:7400/20000 train_loss:2.0442 train_time:595572ms step_avg:80.48ms
step:7455/20000 val_loss:2.0477 val_bpb:1.2128 train_time:600078ms step_avg:80.49ms
stopping_early: wallclock_cap train_time:600078ms step:7455/20000
peak memory allocated: 10183 MiB reserved: 10360 MiB
Serialized model: 67224983 bytes
Code size: 47716 bytes
Total submission size: 67272699 bytes
Serialized model int8+zlib: 15808724 bytes (payload:17178912 raw_torch:17224025 payload_ratio:3.91x)
Total submission size int8+zlib: 15856440 bytes
final_int8_zlib_roundtrip val_loss:2.0544 val_bpb:1.2167 eval_time:2453ms
final_int8_zlib_roundtrip_exact val_loss:2.05441320 val_bpb:1.21673922
