
*****************************************
Setting OMP_NUM_THREADS environment variable for each process to be 1 in default, to avoid your system being overloaded, please further tune the variable for optimal performance in your application as needed. 
*****************************************
logs/long_context_seq2048_v2.txt
val_bpb:enabled tokenizer_kind=sentencepiece tokenizer_path=/home/shadeform/parameter-golf/data/tokenizers/fineweb_1024_bpe.model
train_loader:dataset:fineweb10B_sp1024 train_shards:80
val_loader:shards pattern=/home/shadeform/parameter-golf/data/datasets/fineweb10B_sp1024/fineweb_val_*.bin tokens:62021632
model_params:17059912
world_size:8 grad_accum_steps:1
sdp_backends:cudnn=False flash=True mem_efficient=False math=False
attention_mode:gqa num_heads:8 num_kv_heads:4
tie_embeddings:True embed_lr:0.04 head_lr:0.0 matrix_lr:0.032 scalar_lr:0.032
train_batch_tokens:524288 train_seq_len:2048 iterations:20000 warmup_steps:20 max_wallclock_seconds:600.000
seed:1337
warmup_step:1/20
warmup_step:2/20
warmup_step:3/20
warmup_step:4/20
warmup_step:5/20
warmup_step:6/20
warmup_step:7/20
warmup_step:8/20
warmup_step:9/20
warmup_step:10/20
warmup_step:11/20
warmup_step:12/20
warmup_step:13/20
warmup_step:14/20
warmup_step:15/20
warmup_step:16/20
warmup_step:17/20
warmup_step:18/20
warmup_step:19/20
warmup_step:20/20
step:0/20000 val_loss:6.9357 val_bpb:4.1077 train_time:0ms step_avg:0.02ms
step:1/20000 train_loss:6.9370 train_time:39ms step_avg:38.70ms
step:2/20000 train_loss:14.7707 train_time:110ms step_avg:55.09ms
step:3/20000 train_loss:8.1322 train_time:187ms step_avg:62.38ms
step:4/20000 train_loss:6.6087 train_time:266ms step_avg:66.48ms
step:5/20000 train_loss:6.8952 train_time:344ms step_avg:68.78ms
step:6/20000 train_loss:7.6582 train_time:422ms step_avg:70.37ms
step:7/20000 train_loss:6.6597 train_time:500ms step_avg:71.47ms
step:8/20000 train_loss:6.3883 train_time:579ms step_avg:72.34ms
step:9/20000 train_loss:6.2293 train_time:657ms step_avg:72.97ms
step:10/20000 train_loss:6.1427 train_time:735ms step_avg:73.46ms
step:200/20000 train_loss:2.7752 train_time:15908ms step_avg:79.54ms
step:400/20000 train_loss:2.2956 train_time:31958ms step_avg:79.90ms
step:600/20000 train_loss:2.4997 train_time:48002ms step_avg:80.00ms
step:800/20000 train_loss:2.2429 train_time:64045ms step_avg:80.06ms
step:1000/20000 train_loss:2.3373 train_time:80087ms step_avg:80.09ms
step:1000/20000 val_loss:2.2895 val_bpb:1.3560 train_time:80137ms step_avg:80.14ms
step:1200/20000 train_loss:2.3531 train_time:96153ms step_avg:80.13ms
step:1400/20000 train_loss:2.3836 train_time:112212ms step_avg:80.15ms
step:1600/20000 train_loss:2.0446 train_time:128298ms step_avg:80.19ms
step:1800/20000 train_loss:2.1642 train_time:144412ms step_avg:80.23ms
step:2000/20000 train_loss:2.2087 train_time:160515ms step_avg:80.26ms
step:2000/20000 val_loss:2.1924 val_bpb:1.2985 train_time:160566ms step_avg:80.28ms
step:2200/20000 train_loss:2.0307 train_time:176650ms step_avg:80.30ms
step:2400/20000 train_loss:2.1634 train_time:192781ms step_avg:80.33ms
step:2600/20000 train_loss:2.3837 train_time:208906ms step_avg:80.35ms
step:2800/20000 train_loss:2.1953 train_time:225036ms step_avg:80.37ms
step:3000/20000 train_loss:2.1885 train_time:241166ms step_avg:80.39ms
step:3000/20000 val_loss:2.1531 val_bpb:1.2752 train_time:241217ms step_avg:80.41ms
step:3200/20000 train_loss:2.1523 train_time:257292ms step_avg:80.40ms
step:3400/20000 train_loss:2.1188 train_time:273433ms step_avg:80.42ms
step:3600/20000 train_loss:2.0669 train_time:289567ms step_avg:80.44ms
step:3800/20000 train_loss:2.1716 train_time:305713ms step_avg:80.45ms
step:4000/20000 train_loss:2.1346 train_time:321841ms step_avg:80.46ms
step:4000/20000 val_loss:2.1290 val_bpb:1.2609 train_time:321892ms step_avg:80.47ms
step:4200/20000 train_loss:2.1321 train_time:338011ms step_avg:80.48ms
step:4400/20000 train_loss:2.0669 train_time:354148ms step_avg:80.49ms
step:4600/20000 train_loss:1.9356 train_time:370284ms step_avg:80.50ms
step:4800/20000 train_loss:2.2166 train_time:386427ms step_avg:80.51ms
step:5000/20000 train_loss:1.9715 train_time:402563ms step_avg:80.51ms
step:5000/20000 val_loss:2.1122 val_bpb:1.2510 train_time:402614ms step_avg:80.52ms
step:5200/20000 train_loss:2.1334 train_time:418695ms step_avg:80.52ms
step:5400/20000 train_loss:2.1563 train_time:434815ms step_avg:80.52ms
step:5600/20000 train_loss:2.1401 train_time:450954ms step_avg:80.53ms
step:5800/20000 train_loss:2.0946 train_time:467086ms step_avg:80.53ms
step:6000/20000 train_loss:2.1760 train_time:483215ms step_avg:80.54ms
step:6000/20000 val_loss:2.1019 val_bpb:1.2449 train_time:483266ms step_avg:80.54ms
step:6200/20000 train_loss:2.0478 train_time:499355ms step_avg:80.54ms
step:6400/20000 train_loss:2.1248 train_time:515486ms step_avg:80.54ms
step:6600/20000 train_loss:2.0708 train_time:531619ms step_avg:80.55ms
step:6800/20000 train_loss:2.1273 train_time:547759ms step_avg:80.55ms
step:7000/20000 train_loss:2.1612 train_time:563895ms step_avg:80.56ms
step:7000/20000 val_loss:2.0641 val_bpb:1.2225 train_time:563945ms step_avg:80.56ms
step:7200/20000 train_loss:2.1219 train_time:580029ms step_avg:80.56ms
step:7400/20000 train_loss:2.0462 train_time:596171ms step_avg:80.56ms
step:7448/20000 val_loss:2.0465 val_bpb:1.2121 train_time:600117ms step_avg:80.57ms
stopping_early: wallclock_cap train_time:600117ms step:7448/20000
peak memory allocated: 10183 MiB reserved: 10502 MiB
Serialized model: 67224983 bytes
Code size: 47716 bytes
Total submission size: 67272699 bytes
Serialized model int8+zlib: 15806724 bytes (payload:17178912 raw_torch:17224025 payload_ratio:3.91x)
Total submission size int8+zlib: 15854440 bytes
final_int8_zlib_roundtrip val_loss:2.0534 val_bpb:1.2161 eval_time:2466ms
final_int8_zlib_roundtrip_exact val_loss:2.05339488 val_bpb:1.21613611
