W0320 04:02:38.159000 59695 torch/distributed/run.py:774] 
W0320 04:02:38.159000 59695 torch/distributed/run.py:774] *****************************************
W0320 04:02:38.159000 59695 torch/distributed/run.py:774] Setting OMP_NUM_THREADS environment variable for each process to be 1 in default, to avoid your system being overloaded, please further tune the variable for optimal performance in your application as needed. 
W0320 04:02:38.159000 59695 torch/distributed/run.py:774] *****************************************
logs/long_context_seq2048_v2.txt
val_bpb:enabled tokenizer_kind=sentencepiece tokenizer_path=./data/tokenizers/fineweb_1024_bpe.model
train_loader:dataset:fineweb10B_sp1024 train_shards:5
val_loader:shards pattern=./data/datasets/fineweb10B_sp1024/fineweb_val_*.bin tokens:62021632
paid_prefix_file:prefix_optimal.xz paid_prefix_tokens:12924343 paid_prefix_bytes:8750000
model_params:7630506
world_size:8 grad_accum_steps:1
sdp_backends:cudnn=False flash=True mem_efficient=False math=False
attention_mode:gqa num_heads:6 num_kv_heads:3
tie_embeddings:True embed_lr:0.04 head_lr:0.0 matrix_lr:0.032 scalar_lr:0.032
train_batch_tokens:327680 train_seq_len:4096 iterations:20000 warmup_steps:20 max_wallclock_seconds:600.000
seed:1339
warmup_step:1/20
warmup_step:2/20
warmup_step:3/20
warmup_step:4/20
warmup_step:5/20
warmup_step:6/20
warmup_step:7/20
warmup_step:8/20
warmup_step:9/20
warmup_step:10/20
warmup_step:11/20
warmup_step:12/20
warmup_step:13/20
warmup_step:14/20
warmup_step:15/20
warmup_step:16/20
warmup_step:17/20
warmup_step:18/20
warmup_step:19/20
warmup_step:20/20
step:0/20000 val_loss:5.4887 val_bpb:3.2507 train_time:0ms step_avg:0.02ms
step:1/20000 train_loss:6.9322 train_time:29ms step_avg:28.77ms
step:2/20000 train_loss:11.8975 train_time:92ms step_avg:46.05ms
step:3/20000 train_loss:7.0133 train_time:156ms step_avg:51.94ms
step:4/20000 train_loss:6.3349 train_time:225ms step_avg:56.20ms
step:5/20000 train_loss:6.7882 train_time:299ms step_avg:59.84ms
step:6/20000 train_loss:6.9101 train_time:378ms step_avg:62.97ms
step:7/20000 train_loss:6.6393 train_time:454ms step_avg:64.80ms
step:8/20000 train_loss:6.3360 train_time:532ms step_avg:66.53ms
step:9/20000 train_loss:6.2517 train_time:622ms step_avg:69.14ms
step:10/20000 train_loss:6.0247 train_time:685ms step_avg:68.52ms
step:200/20000 train_loss:2.8427 train_time:7383ms step_avg:36.92ms
step:400/20000 train_loss:2.6477 train_time:14651ms step_avg:36.63ms
step:600/20000 train_loss:2.3094 train_time:21962ms step_avg:36.60ms
step:800/20000 train_loss:2.5947 train_time:29244ms step_avg:36.55ms
step:1000/20000 train_loss:2.4674 train_time:36590ms step_avg:36.59ms
step:1000/20000 val_loss:1.9178 val_bpb:1.1358 train_time:36714ms step_avg:36.71ms
step:1200/20000 train_loss:2.3022 train_time:43898ms step_avg:36.58ms
step:1400/20000 train_loss:2.3726 train_time:51288ms step_avg:36.63ms
step:1600/20000 train_loss:2.3444 train_time:58685ms step_avg:36.68ms
step:1800/20000 train_loss:2.3571 train_time:65872ms step_avg:36.60ms
step:2000/20000 train_loss:2.3565 train_time:73318ms step_avg:36.66ms
step:2000/20000 val_loss:1.8475 val_bpb:1.0942 train_time:73374ms step_avg:36.69ms
step:2200/20000 train_loss:2.2944 train_time:80519ms step_avg:36.60ms
step:2400/20000 train_loss:2.3120 train_time:87878ms step_avg:36.62ms
step:2600/20000 train_loss:2.2173 train_time:95423ms step_avg:36.70ms
step:2800/20000 train_loss:2.2219 train_time:103141ms step_avg:36.84ms
step:3000/20000 train_loss:2.2372 train_time:110629ms step_avg:36.88ms
step:3000/20000 val_loss:1.8168 val_bpb:1.0760 train_time:110676ms step_avg:36.89ms
step:3200/20000 train_loss:2.3937 train_time:117926ms step_avg:36.85ms
step:3400/20000 train_loss:2.2881 train_time:125635ms step_avg:36.95ms
step:3600/20000 train_loss:2.3576 train_time:132863ms step_avg:36.91ms
step:3800/20000 train_loss:2.3145 train_time:140157ms step_avg:36.88ms
step:4000/20000 train_loss:2.1767 train_time:147949ms step_avg:36.99ms
step:4000/20000 val_loss:1.7983 val_bpb:1.0650 train_time:147985ms step_avg:37.00ms
step:4200/20000 train_loss:2.2435 train_time:155014ms step_avg:36.91ms
step:4400/20000 train_loss:2.3016 train_time:162548ms step_avg:36.94ms
step:4600/20000 train_loss:2.4059 train_time:169902ms step_avg:36.94ms
step:4800/20000 train_loss:2.1937 train_time:177179ms step_avg:36.91ms
step:5000/20000 train_loss:2.2387 train_time:184683ms step_avg:36.94ms
step:5000/20000 val_loss:1.7862 val_bpb:1.0579 train_time:184700ms step_avg:36.94ms
step:5200/20000 train_loss:2.2564 train_time:191897ms step_avg:36.90ms
step:5400/20000 train_loss:2.1867 train_time:199247ms step_avg:36.90ms
step:5600/20000 train_loss:2.2115 train_time:206706ms step_avg:36.91ms
step:5800/20000 train_loss:2.2818 train_time:214305ms step_avg:36.95ms
step:6000/20000 train_loss:2.2588 train_time:221596ms step_avg:36.93ms
step:6000/20000 val_loss:1.7811 val_bpb:1.0548 train_time:221627ms step_avg:36.94ms
step:6200/20000 train_loss:2.1319 train_time:228895ms step_avg:36.92ms
step:6400/20000 train_loss:2.2554 train_time:236144ms step_avg:36.90ms
step:6600/20000 train_loss:2.2709 train_time:243425ms step_avg:36.88ms
step:6800/20000 train_loss:2.3406 train_time:250553ms step_avg:36.85ms
step:7000/20000 train_loss:2.2755 train_time:257788ms step_avg:36.83ms
step:7000/20000 val_loss:1.7699 val_bpb:1.0483 train_time:257831ms step_avg:36.83ms
step:7200/20000 train_loss:1.7925 train_time:265178ms step_avg:36.83ms
step:7400/20000 train_loss:2.3869 train_time:272761ms step_avg:36.86ms
step:7600/20000 train_loss:2.1794 train_time:280062ms step_avg:36.85ms
step:7800/20000 train_loss:2.1793 train_time:287457ms step_avg:36.85ms
step:8000/20000 train_loss:2.1336 train_time:294918ms step_avg:36.86ms
step:8000/20000 val_loss:1.7610 val_bpb:1.0429 train_time:294959ms step_avg:36.87ms
step:8200/20000 train_loss:2.2885 train_time:301818ms step_avg:36.81ms
step:8400/20000 train_loss:2.2136 train_time:309100ms step_avg:36.80ms
step:8600/20000 train_loss:2.1622 train_time:316580ms step_avg:36.81ms
step:8800/20000 train_loss:2.2097 train_time:323813ms step_avg:36.80ms
step:9000/20000 train_loss:2.2173 train_time:331207ms step_avg:36.80ms
step:9000/20000 val_loss:1.7547 val_bpb:1.0392 train_time:331249ms step_avg:36.81ms
step:9200/20000 train_loss:2.4224 train_time:338312ms step_avg:36.77ms
step:9400/20000 train_loss:2.4879 train_time:345568ms step_avg:36.76ms
step:9600/20000 train_loss:2.1632 train_time:352842ms step_avg:36.75ms
step:9800/20000 train_loss:2.2236 train_time:360123ms step_avg:36.75ms
step:10000/20000 train_loss:2.2477 train_time:367289ms step_avg:36.73ms
step:10000/20000 val_loss:1.7474 val_bpb:1.0349 train_time:367327ms step_avg:36.73ms
step:10200/20000 train_loss:2.2545 train_time:374181ms step_avg:36.68ms
step:10400/20000 train_loss:2.4564 train_time:381720ms step_avg:36.70ms
step:10600/20000 train_loss:2.1289 train_time:388968ms step_avg:36.70ms
step:10800/20000 train_loss:2.1984 train_time:396375ms step_avg:36.70ms
step:11000/20000 train_loss:2.0944 train_time:403785ms step_avg:36.71ms
step:11000/20000 val_loss:1.7414 val_bpb:1.0313 train_time:403810ms step_avg:36.71ms
step:11200/20000 train_loss:2.2059 train_time:410874ms step_avg:36.69ms
step:11400/20000 train_loss:2.1188 train_time:418246ms step_avg:36.69ms
step:11600/20000 train_loss:2.1657 train_time:425752ms step_avg:36.70ms
step:11800/20000 train_loss:2.1198 train_time:433155ms step_avg:36.71ms
step:12000/20000 train_loss:2.2199 train_time:440627ms step_avg:36.72ms
step:12000/20000 val_loss:1.7356 val_bpb:1.0279 train_time:440666ms step_avg:36.72ms
step:12200/20000 train_loss:2.1993 train_time:447760ms step_avg:36.70ms
step:12400/20000 train_loss:2.2621 train_time:455246ms step_avg:36.71ms
step:12600/20000 train_loss:2.1556 train_time:462690ms step_avg:36.72ms
step:12800/20000 train_loss:2.1792 train_time:469700ms step_avg:36.70ms
step:13000/20000 train_loss:2.2134 train_time:476899ms step_avg:36.68ms
step:13000/20000 val_loss:1.7299 val_bpb:1.0245 train_time:476928ms step_avg:36.69ms
step:13200/20000 train_loss:2.2380 train_time:484202ms step_avg:36.68ms
step:13400/20000 train_loss:2.1510 train_time:491515ms step_avg:36.68ms
step:13600/20000 train_loss:2.1714 train_time:498904ms step_avg:36.68ms
step:13800/20000 train_loss:2.1932 train_time:506616ms step_avg:36.71ms
step:14000/20000 train_loss:2.3016 train_time:514085ms step_avg:36.72ms
step:14000/20000 val_loss:1.7249 val_bpb:1.0216 train_time:514146ms step_avg:36.72ms
step:14200/20000 train_loss:2.2274 train_time:521144ms step_avg:36.70ms
step:14400/20000 train_loss:2.1887 train_time:528379ms step_avg:36.69ms
step:14600/20000 train_loss:2.1535 train_time:535789ms step_avg:36.70ms
step:14800/20000 train_loss:2.2228 train_time:543046ms step_avg:36.69ms
step:15000/20000 train_loss:2.2277 train_time:550626ms step_avg:36.71ms
step:15000/20000 val_loss:1.7198 val_bpb:1.0185 train_time:550683ms step_avg:36.71ms
step:15200/20000 train_loss:2.2649 train_time:557704ms step_avg:36.69ms
step:15400/20000 train_loss:2.2220 train_time:565148ms step_avg:36.70ms
step:15600/20000 train_loss:2.1621 train_time:572393ms step_avg:36.69ms
step:15800/20000 train_loss:2.2079 train_time:579481ms step_avg:36.68ms
step:16000/20000 train_loss:2.3075 train_time:586830ms step_avg:36.68ms
step:16000/20000 val_loss:1.7158 val_bpb:1.0162 train_time:586892ms step_avg:36.68ms
step:16200/20000 train_loss:2.0451 train_time:593859ms step_avg:36.66ms
step:16353/20000 val_loss:1.7147 val_bpb:1.0155 train_time:599389ms step_avg:36.65ms
stopping_early: wallclock_cap train_time:599389ms step:16353/20000
peak memory allocated: 3981 MiB reserved: 5444 MiB
Serialized model: 29762371 bytes
Code size: 52785 bytes
Total submission size: 29815156 bytes
Serialized model int8+zlib: 7117885 bytes (payload:7700648 raw_torch:7735897 payload_ratio:3.86x)
Total submission size int8+zlib: 15920670 bytes
export_candidate:default model_bytes:7117885 total_bytes:15920670 legal:True
final_int8_zlib_roundtrip val_loss:1.7308 val_bpb:1.0251 eval_time:3517ms
final_int8_zlib_roundtrip_exact val_loss:1.73081205 val_bpb:1.02508439
